<?xml version="1.0"?>
<testsuites id="2023-05-10T19:21:44.850Z" name="Integration test for Platinum api" time="0" tests="1" failures="1" skipped="0">
  <testsuite id="2023-05-10T19:21:44.856Z" name="platinum/aggregate-metrics - /platinum/aggregate-metrics/100_synthetic_source.yml" time="0" tests="1" failures="1" skipped="0">
    <testcase id="2023-05-10T19:21:44.856Z" name="constant_keyword" time="0">
      <failure message="ifError got unwanted exception: {&quot;error&quot;:&quot;no handler found for uri [/_security/user/x_pack_rest_user] and method [PUT]&quot;}" type="ERR_ASSERTION">AssertionError [ERR_ASSERTION]: ifError got unwanted exception: {"error":"no handler found for uri [/_security/user/x_pack_rest_user] and method [PUT]"}
    at Object.run (/home/joshmock/Code/elasticsearch-js/test/integration/test-runner.js:307:16)
    at SniffingTransport.request (/home/joshmock/Code/elasticsearch-js/node_modules/@elastic/transport/lib/Transport.js:479:27)
    at process.processTicksAndRejections (node:internal/process/task_queues:95:5)
    at async Security.putUser (/home/joshmock/Code/elasticsearch-js/lib/api/api/security.js:1058:16)
    at async Object.run (/home/joshmock/Code/elasticsearch-js/test/integration/test-runner.js:301:9)
    at async start (/home/joshmock/Code/elasticsearch-js/test/integration/index.js:324:11)</failure>
    </testcase>
  </testsuite>
</testsuites>